  Makestars.cpp
c:\users\thanakom_hatsadeang\desktop\cg\fps\project1\project1\makestars.h(15): warning C4305: 'initializing': truncation from 'double' to 'const float'
c:\users\thanakom_hatsadeang\desktop\cg\fps\project1\project1\makestars.cpp(15): warning C4244: '=': conversion from 'double' to 'float', possible loss of data
c:\users\thanakom_hatsadeang\desktop\cg\fps\project1\project1\makestars.cpp(29): warning C4244: '=': conversion from 'double' to 'float', possible loss of data
c:\users\thanakom_hatsadeang\desktop\cg\fps\project1\project1\makestars.cpp(37): warning C4244: '=': conversion from 'double' to 'float', possible loss of data
c:\users\thanakom_hatsadeang\desktop\cg\fps\project1\project1\makestars.cpp(98): warning C4305: 'argument': truncation from 'double' to 'float'
c:\users\thanakom_hatsadeang\desktop\cg\fps\project1\project1\makestars.cpp(98): warning C4244: 'argument': conversion from 'int' to 'float', possible loss of data
c:\users\thanakom_hatsadeang\desktop\cg\fps\project1\project1\makestars.cpp(102): warning C4305: 'argument': truncation from 'double' to 'float'
c:\users\thanakom_hatsadeang\desktop\cg\fps\project1\project1\makestars.cpp(102): warning C4244: 'argument': conversion from 'int' to 'float', possible loss of data
c:\users\thanakom_hatsadeang\desktop\cg\fps\project1\project1\makestars.cpp(106): warning C4305: 'argument': truncation from 'double' to 'float'
c:\users\thanakom_hatsadeang\desktop\cg\fps\project1\project1\makestars.cpp(106): warning C4244: 'argument': conversion from 'int' to 'float', possible loss of data
c:\users\thanakom_hatsadeang\desktop\cg\fps\project1\project1\makestars.cpp(110): warning C4305: 'argument': truncation from 'double' to 'float'
c:\users\thanakom_hatsadeang\desktop\cg\fps\project1\project1\makestars.cpp(110): warning C4244: 'argument': conversion from 'int' to 'float', possible loss of data
  Source.cpp
c:\users\thanakom_hatsadeang\desktop\cg\fps\project1\project1\makestars.h(15): warning C4305: 'initializing': truncation from 'double' to 'const float'
c:\users\thanakom_hatsadeang\desktop\cg\fps\project1\project1\source.cpp(13): warning C4305: '+=': truncation from 'double' to 'float'
c:\users\thanakom_hatsadeang\desktop\cg\fps\project1\project1\source.cpp(14): warning C4305: '+=': truncation from 'double' to 'float'
c:\users\thanakom_hatsadeang\desktop\cg\fps\project1\project1\source.cpp(15): warning C4305: '+=': truncation from 'double' to 'float'
c:\users\thanakom_hatsadeang\desktop\cg\fps\project1\project1\source.cpp(16): warning C4305: '+=': truncation from 'double' to 'float'
c:\users\thanakom_hatsadeang\desktop\cg\fps\project1\project1\source.cpp(17): warning C4305: '+=': truncation from 'double' to 'float'
c:\users\thanakom_hatsadeang\desktop\cg\fps\project1\project1\source.cpp(18): warning C4305: '+=': truncation from 'double' to 'float'
c:\users\thanakom_hatsadeang\desktop\cg\fps\project1\project1\source.cpp(19): warning C4305: '+=': truncation from 'double' to 'float'
c:\users\thanakom_hatsadeang\desktop\cg\fps\project1\project1\source.cpp(20): warning C4305: '+=': truncation from 'double' to 'float'
c:\users\thanakom_hatsadeang\desktop\cg\fps\project1\project1\source.cpp(21): warning C4305: '+=': truncation from 'double' to 'float'
c:\users\thanakom_hatsadeang\desktop\cg\fps\project1\project1\source.cpp(26): warning C4305: 'argument': truncation from 'double' to 'GLclampf'
c:\users\thanakom_hatsadeang\desktop\cg\fps\project1\project1\source.cpp(41): warning C4244: '=': conversion from 'int' to 'float', possible loss of data
c:\users\thanakom_hatsadeang\desktop\cg\fps\project1\project1\source.cpp(43): warning C4244: '=': conversion from 'double' to 'float', possible loss of data
c:\users\thanakom_hatsadeang\desktop\cg\fps\project1\project1\source.cpp(159): warning C4305: 'argument': truncation from 'double' to 'float'
c:\users\thanakom_hatsadeang\desktop\cg\fps\project1\project1\source.cpp(160): warning C4305: 'argument': truncation from 'double' to 'float'
c:\users\thanakom_hatsadeang\desktop\cg\fps\project1\project1\source.cpp(163): warning C4305: 'argument': truncation from 'double' to 'float'
c:\users\thanakom_hatsadeang\desktop\cg\fps\project1\project1\source.cpp(170): warning C4305: 'argument': truncation from 'double' to 'float'
c:\users\thanakom_hatsadeang\desktop\cg\fps\project1\project1\source.cpp(177): warning C4305: 'argument': truncation from 'double' to 'float'
c:\users\thanakom_hatsadeang\desktop\cg\fps\project1\project1\source.cpp(181): warning C4305: 'argument': truncation from 'double' to 'float'
  Generating Code...
  Project1.vcxproj -> C:\Users\thanakom_hatsadeang\Desktop\CG\FPS\Project1\Debug\Project1.exe
